ValidationFailed: {
  "status": 422,
  "statusText": "Unprocessable Entity",
  "message": "Validation error",
  "details": {
    "errors": [
      {
        "name": "unexpected",
        "details": "The property \"required\" is not expected",
        "path": [
          "fields",
          2,
          "items",
          "required"
        ]
      },
      {
        "name": "size",
        "details": "Size must be at least 1 and at most 50",
        "path": [
          "fields",
          3,
          "name"
        ],
        "value": "A sentence to describe what you would like clients to do",
        "min": 1,
        "max": 50
      }
    ]
  },
  "request": {
    "url": "spaces/3u8nbr4uxelg/environments/master/content_types/heroSection",
    "headers": {
      "Accept": "application/json, text/plain, */*",
      "Content-Type": "application/vnd.contentful.management.v1+json",
      "X-Contentful-User-Agent": "app contentful.cli/1.14.0; feature space-migration; sdk contentful-management-plain.js/7.54.2; platform node.js/v16.15.0; os Windows/v16.15.0;",
      "CF-Sequence": "d2dadd04-c166-477b-9e7d-cbe9f0939d42",
      "Authorization": "Bearer ...BxwFc",
      "user-agent": "node.js/v16.15.0",
      "Accept-Encoding": "gzip",
      "X-Contentful-Version": 0,
      "Content-Length": 510
    },
    "method": "put",
    "payloadData": "{\"name\":\"LAW - Hero Section\",\"displayField\":\"title\",\"fields\":[{\"id\":\"title\",\"name\":\"Title\",\"type\":\"Symbol\",\"required\":true},{\"id\":\"backgroundImage\",\"name\":\"Hero Image\",\"required\":true,\"type\":\"Link\",\"linkType\":\"Asset\"},{\"id\":\"services\",\"name\":\"Services\",\"type\":\"Array\",\"items\":{\"type\":\"Symbol\",\"required\":true}},{\"id\":\"tagline\",\"type\":\"Symbol\",\"name\":\"A sentence to describe what you would like clients to do\"},{\"id\":\"cta\",\"name\":\"Call to Action\",\"type\":\"Symbol\"}],\"description\":\"Hero section for landing page\"}"
  },
  "requestId": "2ee14fd9-8848-49ed-a916-9d9c73ea5319"
}
    at errorHandler (C:\Users\alexs\AppData\Roaming\npm\node_modules\contentful-cli\node_modules\contentful-migration\node_modules\contentful-management\dist\contentful-management.node.js:3459:15)
    at processTicksAndRejections (node:internal/process/task_queues:96:5)NotFound: {
  "status": 404,
  "statusText": "Not Found",
  "message": "The resource could not be found.",
  "details": {
    "type": "ContentType",
    "id": "heroSection",
    "environment": "master",
    "space": "3u8nbr4uxelg"
  },
  "request": {
    "url": "spaces/3u8nbr4uxelg/environments/master/content_types/heroSection/published",
    "headers": {
      "Accept": "application/json, text/plain, */*",
      "Content-Type": "application/vnd.contentful.management.v1+json",
      "X-Contentful-User-Agent": "app contentful.cli/1.14.0; feature space-migration; sdk contentful-management-plain.js/7.54.2; platform node.js/v16.15.0; os Windows/v16.15.0;",
      "CF-Sequence": "d2dadd04-c166-477b-9e7d-cbe9f0939d42",
      "Authorization": "Bearer ...BxwFc",
      "user-agent": "node.js/v16.15.0",
      "Accept-Encoding": "gzip",
      "X-Contentful-Version": 1
    },
    "method": "put"
  },
  "requestId": "b5722b88-f9b7-4c39-a46e-4e05cb9cbb5b"
}
    at errorHandler (C:\Users\alexs\AppData\Roaming\npm\node_modules\contentful-cli\node_modules\contentful-migration\node_modules\contentful-management\dist\contentful-management.node.js:3459:15)
    at processTicksAndRejections (node:internal/process/task_queues:96:5)